#src_path:/Users/SSAKKIE/Programming/update_slam/git_toolkit/sample.xyz
24 12
  O  c   -2.249192   -1.718603   -1.266481
  O  s   -2.249192   -1.718603   -1.266481
  O  c   -4.068498    1.124191   -1.246659
  O  s   -4.068498    1.124191   -1.246659
  O  c    1.390187   -1.394680    3.300941
  O  s    1.390187   -1.394680    3.300941
  O  c   -0.429118    1.448114    3.320762
  O  s   -0.429118    1.448114    3.320762
  O  c   -1.265664   -1.066610    5.225607
  O  s   -1.265664   -1.066610    5.225607
  O  c   -0.875137    1.138286    0.006253
  O  s   -0.875137    1.138286    0.006253
  O  c    0.896583   -1.714971   -0.022539
  O  s    0.896583   -1.714971   -0.022539
  O  c    0.004929   -4.098208    2.021286
  O  s    0.004929   -4.098208    2.021286
  O  c   -1.412647    0.796121   -3.171326
  O  s   -1.412647    0.796121   -3.171326
  O  c   -1.803173   -1.408774    2.048028
  O  s   -1.803173   -1.408774    2.048028
  O  c   -2.683240    3.827719    0.032996
  O  s   -2.683240    3.827719    0.032996
  O  c   -3.574894    1.444482    2.076820
  O  s   -3.574894    1.444482    2.076820
 Sn      -1.466403    2.956673    1.774406
 Sn      -3.178355   -0.311921    0.465005
 Sn      -1.211907   -3.227162    0.279875
 Sn      -0.027793   -0.475808   -1.853640
 Sn      -2.650517    0.205320    3.907921
 Sn      -1.916782    2.648215   -1.835324
 Sn       0.500044    0.041432    1.589276
 Sn      -3.372135   -0.428211   -2.947804
 Sn       0.693825    0.157722    5.002086
 Sn       2.025405   -3.019390    1.643960
 Sn      -4.703716    2.748901    0.410322
 Sn      -0.761529   -2.918704    3.889605
